{"uuid":"19900dd4-3f73-4170-bb2d-bfb9c1b24145","name":"Home page test chrome_109","children":["0f46fd09-a270-4507-8228-06e1b8f2dee4","f1bc810d-12e6-4749-9e11-3a01eb5bac19","8481438d-3603-410b-a01c-c85e4bdbd996"],"befores":[{"name":"setUp","status":"broken","statusDetails":{"known":false,"muted":false,"flaky":false,"message":"Could not start a new session. Possible causes are invalid address of the remote server or browser start-up failure. \nHost info: host: '271AMBBLR-Mohammed-Haseeb-Ali-Khan.local', ip: '2406:7400:51:a572:90c5:fc7a:b4bc:2be0%en0'\nBuild info: version: '4.9.0', revision: 'd7057100a6'\nSystem info: os.name: 'Mac OS X', os.arch: 'x86_64', os.version: '13.4.1', java.version: '11.0.18'\nDriver info: org.openqa.selenium.remote.RemoteWebDriver\nCommand: [null, newSession {capabilities=[Capabilities {browserName: chrome, browserVersion: 109.0, browsername: chrome, enableVNC: true, goog:chromeOptions: {args: [--remote-allow-origins=*], extensions: []}, name: Login Page Test}]}]\nCapabilities {browserName: chrome, browserVersion: 109.0, browsername: chrome, enableVNC: true, goog:chromeOptions: {args: [--remote-allow-origins=*], extensions: []}, name: Login Page Test}","trace":"org.openqa.selenium.SessionNotCreatedException: Could not start a new session. Possible causes are invalid address of the remote server or browser start-up failure. \nHost info: host: '271AMBBLR-Mohammed-Haseeb-Ali-Khan.local', ip: '2406:7400:51:a572:90c5:fc7a:b4bc:2be0%en0'\nBuild info: version: '4.9.0', revision: 'd7057100a6'\nSystem info: os.name: 'Mac OS X', os.arch: 'x86_64', os.version: '13.4.1', java.version: '11.0.18'\nDriver info: org.openqa.selenium.remote.RemoteWebDriver\nCommand: [null, newSession {capabilities=[Capabilities {browserName: chrome, browserVersion: 109.0, browsername: chrome, enableVNC: true, goog:chromeOptions: {args: [--remote-allow-origins=*], extensions: []}, name: Login Page Test}]}]\nCapabilities {browserName: chrome, browserVersion: 109.0, browsername: chrome, enableVNC: true, goog:chromeOptions: {args: [--remote-allow-origins=*], extensions: []}, name: Login Page Test}\n\tat org.openqa.selenium.remote.RemoteWebDriver.execute(RemoteWebDriver.java:561)\n\tat org.openqa.selenium.remote.RemoteWebDriver.startSession(RemoteWebDriver.java:229)\n\tat org.openqa.selenium.remote.RemoteWebDriver.<init>(RemoteWebDriver.java:157)\n\tat org.openqa.selenium.remote.RemoteWebDriver.<init>(RemoteWebDriver.java:139)\n\tat com.magneto.DriverFactory.initDriver.initRemoteDriver(initDriver.java:82)\n\tat com.magneto.DriverFactory.initDriver.initializeDriver(initDriver.java:44)\n\tat com.magneto.base.BaseTest.setUp(BaseTest.java:33)\n\tat java.base/jdk.internal.reflect.NativeMethodAccessorImpl.invoke0(Native Method)\n\tat java.base/jdk.internal.reflect.NativeMethodAccessorImpl.invoke(NativeMethodAccessorImpl.java:62)\n\tat java.base/jdk.internal.reflect.DelegatingMethodAccessorImpl.invoke(DelegatingMethodAccessorImpl.java:43)\n\tat java.base/java.lang.reflect.Method.invoke(Method.java:566)\n\tat org.testng.internal.MethodInvocationHelper.invokeMethod(MethodInvocationHelper.java:133)\n\tat org.testng.internal.MethodInvocationHelper.invokeMethodConsideringTimeout(MethodInvocationHelper.java:62)\n\tat org.testng.internal.ConfigInvoker.invokeConfigurationMethod(ConfigInvoker.java:340)\n\tat org.testng.internal.ConfigInvoker.invokeConfigurations(ConfigInvoker.java:294)\n\tat org.testng.TestRunner.invokeTestConfigurations(TestRunner.java:623)\n\tat org.testng.TestRunner.beforeRun(TestRunner.java:613)\n\tat org.testng.TestRunner.run(TestRunner.java:584)\n\tat org.testng.SuiteRunner.runTest(SuiteRunner.java:402)\n\tat org.testng.SuiteRunner.access$000(SuiteRunner.java:41)\n\tat org.testng.SuiteRunner$SuiteWorker.run(SuiteRunner.java:443)\n\tat org.testng.internal.thread.ThreadUtil.lambda$execute$0(ThreadUtil.java:67)\n\tat java.base/java.util.concurrent.FutureTask.run(FutureTask.java:264)\n\tat java.base/java.util.concurrent.ThreadPoolExecutor.runWorker(ThreadPoolExecutor.java:1128)\n\tat java.base/java.util.concurrent.ThreadPoolExecutor$Worker.run(ThreadPoolExecutor.java:628)\n\tat java.base/java.lang.Thread.run(Thread.java:834)\nCaused by: java.lang.IllegalArgumentException: Illegal key values seen in w3c capabilities: [browsername, enableVNC, name]\n\tat org.openqa.selenium.remote.NewSessionPayload.lambda$validate$4(NewSessionPayload.java:175)\n\tat java.base/java.util.stream.ReferencePipeline$11$1.accept(ReferencePipeline.java:441)\n\tat java.base/java.util.stream.ReferencePipeline$11$1.accept(ReferencePipeline.java:442)\n\tat java.base/java.util.stream.ReferencePipeline$3$1.accept(ReferencePipeline.java:195)\n\tat java.base/java.util.stream.ReferencePipeline$11$1.accept(ReferencePipeline.java:442)\n\tat java.base/java.util.ArrayList$ArrayListSpliterator.forEachRemaining(ArrayList.java:1655)\n\tat java.base/java.util.stream.AbstractPipeline.copyInto(AbstractPipeline.java:484)\n\tat java.base/java.util.stream.AbstractPipeline.wrapAndCopyInto(AbstractPipeline.java:474)\n\tat java.base/java.util.stream.ForEachOps$ForEachOp.evaluateSequential(ForEachOps.java:150)\n\tat java.base/java.util.stream.ForEachOps$ForEachOp$OfRef.evaluateSequential(ForEachOps.java:173)\n\tat java.base/java.util.stream.AbstractPipeline.evaluate(AbstractPipeline.java:234)\n\tat java.base/java.util.stream.ReferencePipeline.forEach(ReferencePipeline.java:497)\n\tat org.openqa.selenium.remote.NewSessionPayload.validate(NewSessionPayload.java:179)\n\tat org.openqa.selenium.remote.NewSessionPayload.<init>(NewSessionPayload.java:91)\n\tat org.openqa.selenium.remote.NewSessionPayload.create(NewSessionPayload.java:124)\n\tat org.openqa.selenium.remote.NewSessionPayload.create(NewSessionPayload.java:112)\n\tat org.openqa.selenium.remote.ProtocolHandshake.createSession(ProtocolHandshake.java:67)\n\tat org.openqa.selenium.remote.HttpCommandExecutor.execute(HttpCommandExecutor.java:165)\n\tat org.openqa.selenium.remote.TracedCommandExecutor.execute(TracedCommandExecutor.java:51)\n\tat org.openqa.selenium.remote.RemoteWebDriver.execute(RemoteWebDriver.java:543)\n\t... 25 more\n"},"stage":"finished","description":"","steps":[],"attachments":[],"parameters":[],"start":1692129021165,"stop":1692129027348}],"afters":[{"name":"tearDown","status":"broken","stage":"finished","description":"","steps":[],"attachments":[],"parameters":[],"start":1692129027489,"stop":1692129027489}],"start":1692129021117,"stop":1692129027490}