{"uuid":"8448b1e9-98c7-4873-8676-2a31cd08af20","historyId":"23029d8b1bcd440016710a3533e572bf","fullName":"com.magneto.base.BaseTest.setUp","labels":[{"name":"package","value":"com.magneto.test.HomePageTest"},{"name":"testClass","value":"com.magneto.test.HomePageTest"},{"name":"testMethod","value":"setUp"},{"name":"parentSuite","value":"regression Test Suite"},{"name":"suite","value":"Home page test chrome_109"},{"name":"subSuite","value":"com.magneto.test.HomePageTest"},{"name":"host","value":"271AMBBLR-Mohammed-Haseeb-Ali-Khan.local"},{"name":"thread","value":"16749@271AMBBLR-Mohammed-Haseeb-Ali-Khan.local.TestNG-tests-2(31)"},{"name":"framework","value":"testng"},{"name":"language","value":"java"},{"name":"AS_ID","value":"-1"}],"links":[],"name":"setUp","status":"broken","statusDetails":{"known":false,"muted":false,"flaky":false,"message":"Could not start a new session. Possible causes are invalid address of the remote server or browser start-up failure. \nHost info: host: '271AMBBLR-Mohammed-Haseeb-Ali-Khan.local', ip: '2406:7400:51:a572:90c5:fc7a:b4bc:2be0%en0'\nBuild info: version: '4.9.0', revision: 'd7057100a6'\nSystem info: os.name: 'Mac OS X', os.arch: 'x86_64', os.version: '13.4.1', java.version: '20.0.1'\nDriver info: org.openqa.selenium.remote.RemoteWebDriver\nCommand: [null, newSession {capabilities=[Capabilities {browserName: chrome, browserVersion: 109.0, browsername: chrome, enableVNC: true, goog:chromeOptions: {args: [--remote-allow-origins=*], extensions: []}, name: Login Page Test}]}]\nCapabilities {browserName: chrome, browserVersion: 109.0, browsername: chrome, enableVNC: true, goog:chromeOptions: {args: [--remote-allow-origins=*], extensions: []}, name: Login Page Test}","trace":"org.openqa.selenium.SessionNotCreatedException: Could not start a new session. Possible causes are invalid address of the remote server or browser start-up failure. \nHost info: host: '271AMBBLR-Mohammed-Haseeb-Ali-Khan.local', ip: '2406:7400:51:a572:90c5:fc7a:b4bc:2be0%en0'\nBuild info: version: '4.9.0', revision: 'd7057100a6'\nSystem info: os.name: 'Mac OS X', os.arch: 'x86_64', os.version: '13.4.1', java.version: '20.0.1'\nDriver info: org.openqa.selenium.remote.RemoteWebDriver\nCommand: [null, newSession {capabilities=[Capabilities {browserName: chrome, browserVersion: 109.0, browsername: chrome, enableVNC: true, goog:chromeOptions: {args: [--remote-allow-origins=*], extensions: []}, name: Login Page Test}]}]\nCapabilities {browserName: chrome, browserVersion: 109.0, browsername: chrome, enableVNC: true, goog:chromeOptions: {args: [--remote-allow-origins=*], extensions: []}, name: Login Page Test}\n\tat org.openqa.selenium.remote.RemoteWebDriver.execute(RemoteWebDriver.java:561)\n\tat org.openqa.selenium.remote.RemoteWebDriver.startSession(RemoteWebDriver.java:229)\n\tat org.openqa.selenium.remote.RemoteWebDriver.<init>(RemoteWebDriver.java:157)\n\tat org.openqa.selenium.remote.RemoteWebDriver.<init>(RemoteWebDriver.java:139)\n\tat com.magneto.DriverFactory.initDriver.initRemoteDriver(initDriver.java:82)\n\tat com.magneto.DriverFactory.initDriver.initializeDriver(initDriver.java:44)\n\tat com.magneto.base.BaseTest.setUp(BaseTest.java:33)\n\tat java.base/jdk.internal.reflect.DirectMethodHandleAccessor.invoke(DirectMethodHandleAccessor.java:104)\n\tat java.base/java.lang.reflect.Method.invoke(Method.java:578)\n\tat org.testng.internal.MethodInvocationHelper.invokeMethod(MethodInvocationHelper.java:133)\n\tat org.testng.internal.MethodInvocationHelper.invokeMethodConsideringTimeout(MethodInvocationHelper.java:62)\n\tat org.testng.internal.ConfigInvoker.invokeConfigurationMethod(ConfigInvoker.java:340)\n\tat org.testng.internal.ConfigInvoker.invokeConfigurations(ConfigInvoker.java:294)\n\tat org.testng.TestRunner.invokeTestConfigurations(TestRunner.java:623)\n\tat org.testng.TestRunner.beforeRun(TestRunner.java:613)\n\tat org.testng.TestRunner.run(TestRunner.java:584)\n\tat org.testng.SuiteRunner.runTest(SuiteRunner.java:402)\n\tat org.testng.SuiteRunner.access$000(SuiteRunner.java:41)\n\tat org.testng.SuiteRunner$SuiteWorker.run(SuiteRunner.java:443)\n\tat org.testng.internal.thread.ThreadUtil.lambda$execute$0(ThreadUtil.java:67)\n\tat java.base/java.util.concurrent.FutureTask.run(FutureTask.java:317)\n\tat java.base/java.util.concurrent.ThreadPoolExecutor.runWorker(ThreadPoolExecutor.java:1144)\n\tat java.base/java.util.concurrent.ThreadPoolExecutor$Worker.run(ThreadPoolExecutor.java:642)\n\tat java.base/java.lang.Thread.run(Thread.java:1623)\nCaused by: java.lang.IllegalArgumentException: Illegal key values seen in w3c capabilities: [browsername, enableVNC, name]\n\tat org.openqa.selenium.remote.NewSessionPayload.lambda$validate$4(NewSessionPayload.java:175)\n\tat java.base/java.util.stream.ReferencePipeline$15$1.accept(ReferencePipeline.java:540)\n\tat java.base/java.util.stream.ReferencePipeline$15$1.accept(ReferencePipeline.java:541)\n\tat java.base/java.util.stream.ReferencePipeline$3$1.accept(ReferencePipeline.java:197)\n\tat java.base/java.util.stream.ReferencePipeline$15$1.accept(ReferencePipeline.java:541)\n\tat java.base/java.util.ArrayList$ArrayListSpliterator.forEachRemaining(ArrayList.java:1625)\n\tat java.base/java.util.stream.AbstractPipeline.copyInto(AbstractPipeline.java:509)\n\tat java.base/java.util.stream.AbstractPipeline.wrapAndCopyInto(AbstractPipeline.java:499)\n\tat java.base/java.util.stream.ForEachOps$ForEachOp.evaluateSequential(ForEachOps.java:150)\n\tat java.base/java.util.stream.ForEachOps$ForEachOp$OfRef.evaluateSequential(ForEachOps.java:173)\n\tat java.base/java.util.stream.AbstractPipeline.evaluate(AbstractPipeline.java:234)\n\tat java.base/java.util.stream.ReferencePipeline.forEach(ReferencePipeline.java:596)\n\tat org.openqa.selenium.remote.NewSessionPayload.validate(NewSessionPayload.java:179)\n\tat org.openqa.selenium.remote.NewSessionPayload.<init>(NewSessionPayload.java:91)\n\tat org.openqa.selenium.remote.NewSessionPayload.create(NewSessionPayload.java:124)\n\tat org.openqa.selenium.remote.NewSessionPayload.create(NewSessionPayload.java:112)\n\tat org.openqa.selenium.remote.ProtocolHandshake.createSession(ProtocolHandshake.java:67)\n\tat org.openqa.selenium.remote.HttpCommandExecutor.execute(HttpCommandExecutor.java:165)\n\tat org.openqa.selenium.remote.TracedCommandExecutor.execute(TracedCommandExecutor.java:51)\n\tat org.openqa.selenium.remote.RemoteWebDriver.execute(RemoteWebDriver.java:543)\n\t... 23 more\n"},"stage":"finished","steps":[],"attachments":[],"parameters":[{"name":"browserversion","value":"109.0"},{"name":"browser","value":"chrome"},{"name":"testcasename","value":"Login Page Test"}],"start":1692128735474,"stop":1692128735475}