{"uuid":"d8b0d4f6-ce7c-4be8-977a-6a3d28378932","name":"Login Page test chrome_90","children":["eb8132c6-72a9-456b-92b1-669e9eb595ce","301918c1-7d08-4f8e-b481-15757d1fbb87"],"befores":[{"name":"setUp","status":"broken","statusDetails":{"known":false,"muted":false,"flaky":false,"message":"Could not start a new session. Possible causes are invalid address of the remote server or browser start-up failure. \nHost info: host: '271AMBBLR-Mohammed-Haseeb-Ali-Khan.local', ip: '2406:7400:51:a572:90c5:fc7a:b4bc:2be0%en0'\nBuild info: version: '4.9.0', revision: 'd7057100a6'\nSystem info: os.name: 'Mac OS X', os.arch: 'x86_64', os.version: '13.4.1', java.version: '20.0.1'\nDriver info: org.openqa.selenium.remote.RemoteWebDriver\nCommand: [null, newSession {capabilities=[Capabilities {browserName: chrome, browserVersion: 90.0, browsername: chrome, enableVNC: true, goog:chromeOptions: {args: [--remote-allow-origins=*], extensions: []}, name: Login Page Test}]}]\nCapabilities {browserName: chrome, browserVersion: 90.0, browsername: chrome, enableVNC: true, goog:chromeOptions: {args: [--remote-allow-origins=*], extensions: []}, name: Login Page Test}","trace":"org.openqa.selenium.SessionNotCreatedException: Could not start a new session. Possible causes are invalid address of the remote server or browser start-up failure. \nHost info: host: '271AMBBLR-Mohammed-Haseeb-Ali-Khan.local', ip: '2406:7400:51:a572:90c5:fc7a:b4bc:2be0%en0'\nBuild info: version: '4.9.0', revision: 'd7057100a6'\nSystem info: os.name: 'Mac OS X', os.arch: 'x86_64', os.version: '13.4.1', java.version: '20.0.1'\nDriver info: org.openqa.selenium.remote.RemoteWebDriver\nCommand: [null, newSession {capabilities=[Capabilities {browserName: chrome, browserVersion: 90.0, browsername: chrome, enableVNC: true, goog:chromeOptions: {args: [--remote-allow-origins=*], extensions: []}, name: Login Page Test}]}]\nCapabilities {browserName: chrome, browserVersion: 90.0, browsername: chrome, enableVNC: true, goog:chromeOptions: {args: [--remote-allow-origins=*], extensions: []}, name: Login Page Test}\n\tat org.openqa.selenium.remote.RemoteWebDriver.execute(RemoteWebDriver.java:561)\n\tat org.openqa.selenium.remote.RemoteWebDriver.startSession(RemoteWebDriver.java:229)\n\tat org.openqa.selenium.remote.RemoteWebDriver.<init>(RemoteWebDriver.java:157)\n\tat org.openqa.selenium.remote.RemoteWebDriver.<init>(RemoteWebDriver.java:139)\n\tat com.magneto.DriverFactory.initDriver.initRemoteDriver(initDriver.java:82)\n\tat com.magneto.DriverFactory.initDriver.initializeDriver(initDriver.java:44)\n\tat com.magneto.base.BaseTest.setUp(BaseTest.java:33)\n\tat java.base/jdk.internal.reflect.DirectMethodHandleAccessor.invoke(DirectMethodHandleAccessor.java:104)\n\tat java.base/java.lang.reflect.Method.invoke(Method.java:578)\n\tat org.testng.internal.MethodInvocationHelper.invokeMethod(MethodInvocationHelper.java:133)\n\tat org.testng.internal.MethodInvocationHelper.invokeMethodConsideringTimeout(MethodInvocationHelper.java:62)\n\tat org.testng.internal.ConfigInvoker.invokeConfigurationMethod(ConfigInvoker.java:340)\n\tat org.testng.internal.ConfigInvoker.invokeConfigurations(ConfigInvoker.java:294)\n\tat org.testng.TestRunner.invokeTestConfigurations(TestRunner.java:623)\n\tat org.testng.TestRunner.beforeRun(TestRunner.java:613)\n\tat org.testng.TestRunner.run(TestRunner.java:584)\n\tat org.testng.SuiteRunner.runTest(SuiteRunner.java:402)\n\tat org.testng.SuiteRunner.access$000(SuiteRunner.java:41)\n\tat org.testng.SuiteRunner$SuiteWorker.run(SuiteRunner.java:443)\n\tat org.testng.internal.thread.ThreadUtil.lambda$execute$0(ThreadUtil.java:67)\n\tat java.base/java.util.concurrent.FutureTask.run(FutureTask.java:317)\n\tat java.base/java.util.concurrent.ThreadPoolExecutor.runWorker(ThreadPoolExecutor.java:1144)\n\tat java.base/java.util.concurrent.ThreadPoolExecutor$Worker.run(ThreadPoolExecutor.java:642)\n\tat java.base/java.lang.Thread.run(Thread.java:1623)\nCaused by: java.lang.IllegalArgumentException: Illegal key values seen in w3c capabilities: [browsername, enableVNC, name]\n\tat org.openqa.selenium.remote.NewSessionPayload.lambda$validate$4(NewSessionPayload.java:175)\n\tat java.base/java.util.stream.ReferencePipeline$15$1.accept(ReferencePipeline.java:540)\n\tat java.base/java.util.stream.ReferencePipeline$15$1.accept(ReferencePipeline.java:541)\n\tat java.base/java.util.stream.ReferencePipeline$3$1.accept(ReferencePipeline.java:197)\n\tat java.base/java.util.stream.ReferencePipeline$15$1.accept(ReferencePipeline.java:541)\n\tat java.base/java.util.ArrayList$ArrayListSpliterator.forEachRemaining(ArrayList.java:1625)\n\tat java.base/java.util.stream.AbstractPipeline.copyInto(AbstractPipeline.java:509)\n\tat java.base/java.util.stream.AbstractPipeline.wrapAndCopyInto(AbstractPipeline.java:499)\n\tat java.base/java.util.stream.ForEachOps$ForEachOp.evaluateSequential(ForEachOps.java:150)\n\tat java.base/java.util.stream.ForEachOps$ForEachOp$OfRef.evaluateSequential(ForEachOps.java:173)\n\tat java.base/java.util.stream.AbstractPipeline.evaluate(AbstractPipeline.java:234)\n\tat java.base/java.util.stream.ReferencePipeline.forEach(ReferencePipeline.java:596)\n\tat org.openqa.selenium.remote.NewSessionPayload.validate(NewSessionPayload.java:179)\n\tat org.openqa.selenium.remote.NewSessionPayload.<init>(NewSessionPayload.java:91)\n\tat org.openqa.selenium.remote.NewSessionPayload.create(NewSessionPayload.java:124)\n\tat org.openqa.selenium.remote.NewSessionPayload.create(NewSessionPayload.java:112)\n\tat org.openqa.selenium.remote.ProtocolHandshake.createSession(ProtocolHandshake.java:67)\n\tat org.openqa.selenium.remote.HttpCommandExecutor.execute(HttpCommandExecutor.java:165)\n\tat org.openqa.selenium.remote.TracedCommandExecutor.execute(TracedCommandExecutor.java:51)\n\tat org.openqa.selenium.remote.RemoteWebDriver.execute(RemoteWebDriver.java:543)\n\t... 23 more\n"},"stage":"finished","description":"","steps":[],"attachments":[],"parameters":[],"start":1692128728532,"stop":1692128735438}],"afters":[{"name":"tearDown","status":"broken","stage":"finished","description":"","steps":[],"attachments":[],"parameters":[],"start":1692128735613,"stop":1692128735613}],"start":1692128728487,"stop":1692128735647}